750
931
805 806
211
87
62
4
387
332
78
508
287
9
178
545 547
746
16
34
75
142
584
56
22
684 685
39
20 26
83
231 234
73
567
23
159
193
98
347
28
1
90
154
81
121
92
111
258
107
212
89
305
61 65
139
168 169
43
19
11
187
301
272
412
549
431
732
396
235
45
719
440
70
38
886
972
241
476 478
181
136
17
7
166
296
329
275
120
127
252 253
312
177
792
189
557
610
588
167
260
24
125
100
74
14
975
279
184
228
286
174
240
368 371
192
5
434 437
48
213
77
41
29
446
298
209
35
50
811
488
657 660
334
251
109
281
60
777
149
229
3
164
626
491
348
230
729
141
122
450
706
404
233
239
457
140
103
232
247
134 137
267
96 97
456
467
208
423
346
314
526
569
515
176
302
364
113
186
788 789
377
540
391
370
352
381
390 392
574
225
179
356
933
688
559
106
265
516
605
433
421
54 55
294
904 909
217
659 661
899
497
855
713
289 290
460
358
718
254
536
354
736
541
537 542
864
451
222
219
210
249 250
46 47
787
519
669
330 331
611
554
276
365 366
786
400
546
533
507
333
602
505
278
472
261
145
0 2
807
761
765 769
401 402
812
349
340
284
42
223 226
196
944
942
328
671
734
407 408
216
112
292
648
342
10 12
238 242
638
910 912
463
480
485
477
245
148
989
663
514
13
905
180 182
393
654
645
925
430
68 69
917
998
299
268
771
591
815
575
378
679
819
416
740 744
712
784
646
442
778
500
520
367
969
158 160
755
616
479
673 674
315
776
429
373 376
173 175
49 51
138 143
31 32
382 383
924
502
320
633 634
335 336
865
827
80 82
725
201
357
803
151 152
923
206 207
851
551
677
560
436
309
976
531
644
606
877
697 699
907
596
255
453
702
360
277
509
297 304
826
708
978
468
25
220
350 355
997
384 386
198 199
862 868
994
900
293
110
896
530
621
316
311
473
692
797 798
730
21
572 573
613
594
629
313
323
489
447 449
462
847 856
525 528
728
592
555
890
493
202
830
326
887
680
754
422 426
704
607 608
243 246
926
649
655
501 503
411
441
775
724
6 8
889
950
640
742
203
893
40 44
66 67
802
825 828
743
741
576
667
499
723
831
682
123 124
678
850
908
785
848
397
756
52 53
739
483
561
361
470 475
385 388
458 461
99 101
650
698 701
282
735 737
550
913
936
63
829
878
779
772
652
966
799
444 445
861 866
153 156
161 162
963
464 465
36 37
147 150
935
694
351
236 237
319
406
205
757
129 130
879 881
733
870
114 115
244 248
191 195
91 93
171 172
745
687
343 344
504
521 522
413 415
639
675 676
901 903
641
144 146
971
714 715
85 88
71 72
938
846 853
155 157
339 341
398 399
414 417
651 653
987
102 104
394 395
791
527 529
880
484 487
836
94 95
764
439
768
707
303
379
389
448
914
959
466 471
752 758
630 632
15 18
747
955
538
647
820
823
839
59 64
534 535
262 264
57 58
970
821
455 459
183 185
967 968
922
845
597
867
325
539
986
362
984 988
494 495
589 590
609 612
583 585
766
359 363
324 327
512 513
452 454
510 511
601 603
523 524
517 518
947 952
105 108
118 119
770 773
800 801
932 934
586 587
163 165
224 227
849
614
291 295
983
813 814
259 263
506
285 288
490 492
27 30
672
266 269
170
131 133
409 410
716 717
703 705
218 221
345 353
581 582
681 683
568 571
481 482
662 665
664 666
857 858
599 600
929 930
428 432
738
993 995
751 753
564 566
76 79
620 622
891 892
982 985
727
842
954
916 918
919 927
964
695 696
548 552
767
270 273
307 318
200 204
188 190
832 833
553 558
306 310
962
256 257
871 872
863
762 763
624 625
283
372 375
992
337 338
424 427
116 117
668 670
617 619
84 86
874
843
875
317
759 760
543 544
532
710 711
425
126 128
852
604
973 974
894 897
577 578
628 631
438 443
888
637 643
595 598
300
869
977 979
873 876
949 953
418 419
774 781
990 991
579 580
882 883
958 960
961 965
562 563
859
722
615 618
945 946
951
565
854
496 498
321 322
911 915
816 817
403 405
939
635 636
996 999
844
948
920 928
941 943
380
809
658
782 783
469 474
135
369
838 841
435
623
420
895
921
793 794
700 709
795 796
834 835
837 840
486
691
818 824
884 885
271 280
898 902
720 721
214 215
980 981
197
726 731
686 689
693
656
570
956 957
937 940
808 810
556
627
274
822
33
749 750
804
132
860
780
690
790
593
642
374
906
748
308
194
